date: 2013-11-19 23:14:49.785
argv: node /usr/local/bin/hexo generate --watch
os: Darwin 12.5.0 darwin x64
version:
  hexo: 2.3.0
  http_parser: 1.0
  node: 0.10.17
  v8: 3.14.5.9
  ares: 1.9.0-DEV
  uv: 0.10.14
  zlib: 1.2.3
  modules: 11
  openssl: 1.0.1e
---

[debug] 23:14:34.122 Configuration file load successfully
[debug] 23:14:34.124 Version info checked successfully
[debug] 23:14:34.125 Loading the database...
[debug] 23:14:34.310 Theme layout loaded
[debug] 23:14:34.311 Start watching theme layout...
[debug] 23:14:34.362 Theme configuration loaded
[debug] 23:14:34.371 Theme source loaded
[debug] 23:14:34.388 Processed: _posts/2013-03-26-3d-ifying-documents-using-css-transforms.md
[debug] 23:14:34.416 Processed: _posts/2013-07-05-node-mans-land.md
[debug] 23:14:34.417 Start watching theme source...
[debug] 23:14:34.422 Theme i18n loaded
[debug] 23:14:34.434 Processed: _posts/2013-11-19-cascadiajs-2013.md
[debug] 23:14:34.655 Cache saved
[info] 23:14:34.656 Files loaded in 0.365s
[debug] 23:14:34.667 Public folder cleared: fancybox/blank.gif,fancybox/fancybox_loading.gif,fancybox/fancybox_loading@2x.gif,fancybox/fancybox_overlay.png,fancybox/fancybox_sprite.png,fancybox/fancybox_sprite@2x.png,fancybox/jquery.fancybox.css,fancybox/jquery.fancybox.pack.js,js/gallery.js,js/jquery.imagesloaded.min.js,css/style.css,css/font/fontawesome-webfont.eot,css/font/fontawesome-webfont.svg,css/font/fontawesome-webfont.ttf,css/font/fontawesome-webfont.woff,archives/index.html,archives/26/index.html,archives/26/06/index.html,archives/2013/index.html,archives/2013/07/index.html,archives/2013/11/index.html,index.html,2013/11/19/cascadiajs-2013/index.html,2013/07/05/node-mans-land/index.html,0026/06/30/3d-ifying-documents-using-css-transforms/index.html,tags/css/index.html,tags/3d/index.html,tags/crocodoc/index.html,tags/demos/index.html,tags/javascript/index.html,tags/svg/index.html,tags/html/index.html,tags/experiments/index.html,tags/node.js/index.html,tags/conferences/index.html,tags/nodeconf/index.html,tags/cascadiajs/index.html
[debug] 23:14:34.667 Render archive: archives/
[debug] 23:14:34.667 Render archive: archives/26/
[debug] 23:14:34.667 Render archive: archives/26/06/
[debug] 23:14:34.667 Render archive: archives/2013/
[debug] 23:14:34.667 Render archive: archives/2013/07/
[debug] 23:14:34.667 Render archive: archives/2013/11/
[debug] 23:14:34.667 Render index: 
[debug] 23:14:34.667 Render post: 2013/11/19/cascadiajs-2013/
[debug] 23:14:34.668 Render post: 2013/07/05/node-mans-land/
[debug] 23:14:34.668 Render post: 0026/06/30/3d-ifying-documents-using-css-transforms/
[debug] 23:14:34.668 Render tag: tags/css/
[debug] 23:14:34.668 Render tag: tags/3d/
[debug] 23:14:34.668 Render tag: tags/crocodoc/
[debug] 23:14:34.668 Render tag: tags/demos/
[debug] 23:14:34.668 Render tag: tags/javascript/
[debug] 23:14:34.669 Render tag: tags/svg/
[debug] 23:14:34.669 Render tag: tags/html/
[debug] 23:14:34.669 Render tag: tags/experiments/
[debug] 23:14:34.669 Render tag: tags/node.js/
[debug] 23:14:34.669 Render tag: tags/conferences/
[debug] 23:14:34.669 Render tag: tags/nodeconf/
[debug] 23:14:34.669 Render tag: tags/cascadiajs/
[create] 23:14:34.966 Public: archives/26/index.html
[create] 23:14:34.967 Public: archives/2013/index.html
[create] 23:14:34.967 Public: archives/26/06/index.html
[create] 23:14:34.970 Public: archives/index.html
[create] 23:14:34.972 Public: archives/2013/11/index.html
[create] 23:14:34.972 Public: archives/2013/07/index.html
[create] 23:14:34.973 Public: index.html
[create] 23:14:34.974 Public: 2013/11/19/cascadiajs-2013/index.html
[create] 23:14:34.977 Public: 2013/07/05/node-mans-land/index.html
[create] 23:14:34.978 Public: tags/css/index.html
[create] 23:14:34.979 Public: 0026/06/30/3d-ifying-documents-using-css-transforms/index.html
[create] 23:14:34.979 Public: tags/3d/index.html
[create] 23:14:34.981 Public: tags/crocodoc/index.html
[create] 23:14:34.983 Public: tags/svg/index.html
[create] 23:14:34.984 Public: tags/demos/index.html
[create] 23:14:34.984 Public: tags/javascript/index.html
[create] 23:14:34.986 Public: tags/html/index.html
[create] 23:14:34.988 Public: tags/experiments/index.html
[create] 23:14:34.991 Public: tags/node.js/index.html
[create] 23:14:34.992 Public: tags/cascadiajs/index.html
[create] 23:14:34.992 Public: tags/conferences/index.html
[create] 23:14:34.993 Public: tags/nodeconf/index.html
[info] 23:14:34.994 22 files generated in 0.335s
[update] 23:14:49.665 Source: _posts/2013-03-26-3d-ifying-documents-using-css-transforms.md
[debug] 23:14:49.778 Processed: _posts/2013-03-26-3d-ifying-documents-using-css-transforms.md
[error] 23:14:49.785 TypeError: Object archives/index.html has no method 'join'
TypeError: Object archives/index.html has no method 'join'
    at null.<anonymous> (/usr/local/lib/node_modules/hexo/lib/plugins/console/generate/index.js:163:27)
    at EventEmitter.emit (events.js:98:17)
    at Router.set (/usr/local/lib/node_modules/hexo/lib/router.js:84:8)
    at /usr/local/lib/node_modules/hexo/lib/post/load.js:328:19
    at /usr/local/lib/node_modules/hexo/lib/plugins/generator/paginator.js:43:9
    at module.exports (/usr/local/lib/node_modules/hexo/lib/plugins/generator/paginator.js:44:9)
    at generate (/usr/local/lib/node_modules/hexo/lib/plugins/generator/archive.js:22:7)
    at module.exports (/usr/local/lib/node_modules/hexo/lib/plugins/generator/archive.js:32:3)
    at /usr/local/lib/node_modules/hexo/lib/post/load.js:308:11
    at /usr/local/lib/node_modules/hexo/node_modules/async/lib/async.js:108:13
